<?xml version="1.0" encoding="UTF-8"?>
<!-- Generated by org.testng.reporters.JUnitReportReporter -->
<testsuite hostname="LAPTOP-5DMPA42V" failures="0" tests="1" name="mock.ImagesMyntra" time="102.782" errors="0" timestamp="2023-12-20T17:50:31 IST" skipped="0">
  <testcase classname="mock.ImagesMyntra" name="imagesMyntra" time="102.782"/>
  <system-out/>
</testsuite> <!-- mock.ImagesMyntra -->
