<?xml version="1.0" encoding="UTF-8"?>
<!-- Generated by org.testng.reporters.JUnitReportReporter -->
<testsuite hostname="LAPTOP-5DMPA42V" failures="0" tests="1" name="neww.PrintallPaymentMethods_Paytm" time="12.737" errors="0" timestamp="2023-11-10T13:26:51 IST" skipped="0">
  <testcase classname="neww.PrintallPaymentMethods_Paytm" name="printallPaymentMethods_Paytm" time="12.737"/>
  <system-out/>
</testsuite> <!-- neww.PrintallPaymentMethods_Paytm -->
