<?xml version="1.0" encoding="UTF-8"?>
<!-- Generated by org.testng.reporters.JUnitReportReporter -->
<testsuite hostname="LAPTOP-5DMPA42V" failures="0" tests="1" name="neww.StoreAmazonImages" time="26.362" errors="0" timestamp="2023-12-18T17:18:42 IST" skipped="0">
  <testcase classname="neww.StoreAmazonImages" name="storeAmazonImages" time="26.362"/>
  <system-out/>
</testsuite> <!-- neww.StoreAmazonImages -->
