<?xml version="1.0" encoding="UTF-8"?>
<!-- Generated by org.testng.reporters.JUnitReportReporter -->
<testsuite hostname="LAPTOP-5DMPA42V" failures="0" tests="1" name="P18.RMG_FrontEndTest" time="8.988" errors="0" timestamp="2023-12-19T11:05:29 IST" skipped="0">
  <testcase classname="P18.RMG_FrontEndTest" name="rMG_FrontEndTest" time="8.988"/>
  <system-out/>
</testsuite> <!-- P18.RMG_FrontEndTest -->
