<?xml version="1.0" encoding="UTF-8"?>
<!-- Generated by org.testng.reporters.JUnitReportReporter -->
<testsuite hostname="LAPTOP-5DMPA42V" failures="0" tests="1" name="neww.GetAllPricesWithoutComma" time="29.411" errors="0" timestamp="2023-11-16T13:29:02 IST" skipped="0">
  <testcase classname="neww.GetAllPricesWithoutComma" name="getAllPricesWithoutComma" time="29.411"/>
  <system-out/>
</testsuite> <!-- neww.GetAllPricesWithoutComma -->
