<?xml version="1.0" encoding="UTF-8"?>
<!-- Generated by org.testng.reporters.JUnitReportReporter -->
<testsuite hostname="LAPTOP-5DMPA42V" failures="0" tests="1" name="amazonProg.FetchAllTheProductNamesAndReverse" time="10.993" errors="0" timestamp="2023-11-07T19:21:18 IST" skipped="0">
  <testcase classname="amazonProg.FetchAllTheProductNamesAndReverse" name="fetchAllTheProductNamesAndReverse" time="10.993"/>
  <system-out/>
</testsuite> <!-- amazonProg.FetchAllTheProductNamesAndReverse -->
