<?xml version="1.0" encoding="UTF-8"?>
<!-- Generated by org.testng.reporters.JUnitReportReporter -->
<testsuite hostname="LAPTOP-5DMPA42V" failures="0" tests="1" name="thrifty.Thrifty" time="0.007" errors="0" timestamp="2024-01-04T10:15:20 IST" skipped="0">
  <testcase classname="thrifty.Thrifty" name="m1" time="0.007"/>
  <system-out/>
</testsuite> <!-- thrifty.Thrifty -->
