<?xml version="1.0" encoding="UTF-8"?>
<!-- Generated by org.testng.reporters.JUnitReportReporter -->
<testsuite hostname="LAPTOP-5DMPA42V" failures="0" tests="5" name="neww.SpiceJetAutomationtest" time="194.295" errors="0" timestamp="2023-12-06T13:00:18 IST" skipped="0">
  <testcase classname="neww.SpiceJetAutomationtest" name="spiceJetAutomation" time="31.357"/>
  <system-out/>
  <testcase classname="neww.SpiceJetAutomationtest" name="spiceJetAutomation" time="75.465"/>
  <system-out/>
  <testcase classname="neww.SpiceJetAutomationtest" name="spiceJetAutomation" time="33.970"/>
  <system-out/>
  <testcase classname="neww.SpiceJetAutomationtest" name="spiceJetAutomation" time="26.486"/>
  <system-out/>
  <testcase classname="neww.SpiceJetAutomationtest" name="spiceJetAutomation" time="27.017"/>
  <system-out/>
</testsuite> <!-- neww.SpiceJetAutomationtest -->
