<?xml version="1.0" encoding="UTF-8"?>
<!-- Generated by org.testng.reporters.JUnitReportReporter -->
<testsuite hostname="LAPTOP-5DMPA42V" failures="0" tests="1" name="Dummy.WindowHandles" time="3.229" errors="0" timestamp="2023-12-05T18:28:45 IST" skipped="0">
  <testcase classname="Dummy.WindowHandles" name="windowHandles" time="3.229"/>
  <system-out/>
</testsuite> <!-- Dummy.WindowHandles -->
