<?xml version="1.0" encoding="UTF-8"?>
<!-- Generated by org.testng.reporters.JUnitReportReporter -->
<testsuite hostname="LAPTOP-5DMPA42V" failures="0" tests="1" name="neww.WorldOMeter" time="0.010" errors="0" timestamp="2023-12-18T17:41:26 IST" skipped="0">
  <testcase classname="neww.WorldOMeter" name="wordOMeter1" time="0.010"/>
  <system-out/>
</testsuite> <!-- neww.WorldOMeter -->
