<?xml version="1.0" encoding="UTF-8"?>
<!-- Generated by org.testng.reporters.JUnitReportReporter -->
<testsuite hostname="LAPTOP-5DMPA42V" failures="0" tests="1" name="neww.PatmOptions" time="3.429" errors="0" timestamp="2023-11-11T18:57:30 IST" skipped="0">
  <testcase classname="neww.PatmOptions" name="patmOptions" time="3.429"/>
  <system-out/>
</testsuite> <!-- neww.PatmOptions -->
