<?xml version="1.0" encoding="UTF-8"?>
<!-- Generated by org.testng.reporters.JUnitReportReporter -->
<testsuite hostname="LAPTOP-5DMPA42V" failures="0" tests="1" name="P18.RMG_To_LocalHost" time="1.348" errors="0" timestamp="2023-12-19T15:30:11 IST" skipped="0">
  <testcase classname="P18.RMG_To_LocalHost" name="rMG_To_LocalHost" time="1.348"/>
  <system-out/>
</testsuite> <!-- P18.RMG_To_LocalHost -->
