<?xml version="1.0" encoding="UTF-8"?>
<!-- Generated by org.testng.reporters.JUnitReportReporter -->
<testsuite hostname="LAPTOP-5DMPA42V" failures="0" tests="2" name="EndToEndScenarios.E2E_AmazonExcelDB" time="22.417" errors="0" timestamp="2023-10-30T17:52:29 IST" skipped="0">
  <testcase classname="EndToEndScenarios.E2E_AmazonExcelDB" name="searchProducts" time="22.269"/>
  <system-out/>
  <testcase classname="EndToEndScenarios.E2E_AmazonExcelDB" name="e2E_AmazonExcelDB" time="0.148"/>
  <system-out/>
</testsuite> <!-- EndToEndScenarios.E2E_AmazonExcelDB -->
