<?xml version="1.0" encoding="UTF-8"?>
<!-- Generated by org.testng.reporters.JUnitReportReporter -->
<testsuite hostname="LAPTOP-5DMPA42V" failures="0" tests="1" name="Interview.FetchValuesFromKey" time="74.716" errors="0" timestamp="2023-12-08T11:36:35 IST" skipped="0">
  <testcase classname="Interview.FetchValuesFromKey" name="fetchValuesFromKey" time="74.716"/>
  <system-out/>
</testsuite> <!-- Interview.FetchValuesFromKey -->
