<?xml version="1.0" encoding="UTF-8"?>
<!-- Generated by org.testng.reporters.JUnitReportReporter -->
<testsuite hostname="LAPTOP-5DMPA42V" failures="0" tests="1" name="neww.Windows3" time="0.008" errors="0" timestamp="2023-12-14T09:42:40 IST" skipped="0">
  <testcase classname="neww.Windows3" name="m1" time="0.008"/>
  <system-out/>
</testsuite> <!-- neww.Windows3 -->
