<?xml version="1.0" encoding="UTF-8"?>
<!-- Generated by org.testng.reporters.JUnitReportReporter -->
<testsuite hostname="LAPTOP-5DMPA42V" failures="0" tests="1" name="neww.MakeMyTrip" time="28.383" errors="0" timestamp="2023-11-16T13:20:01 IST" skipped="0">
  <testcase classname="neww.MakeMyTrip" name="makeMyTrip" time="28.383"/>
  <system-out/>
</testsuite> <!-- neww.MakeMyTrip -->
