<?xml version="1.0" encoding="UTF-8"?>
<!-- Generated by org.testng.reporters.JUnitReportReporter -->
<testsuite hostname="LAPTOP-5DMPA42V" failures="0" tests="1" name="ListOfPrograms.AutoSugg" time="4.566" errors="0" timestamp="2023-11-07T12:16:07 IST" skipped="0">
  <testcase classname="ListOfPrograms.AutoSugg" name="autoSugg" time="4.566"/>
  <system-out/>
</testsuite> <!-- ListOfPrograms.AutoSugg -->
