<?xml version="1.0" encoding="UTF-8"?>
<!-- Generated by org.testng.reporters.JUnitReportReporter -->
<testsuite hostname="LAPTOP-5DMPA42V" failures="0" tests="1" name="amazonProg.FetchPricesandPrintitinassending" time="16.934" errors="0" timestamp="2023-11-02T17:34:58 IST" skipped="0">
  <testcase classname="amazonProg.FetchPricesandPrintitinassending" name="fetchPricesandPrintitinassending" time="16.934"/>
  <system-out/>
</testsuite> <!-- amazonProg.FetchPricesandPrintitinassending -->
