<?xml version="1.0" encoding="UTF-8"?>
<!-- Generated by org.testng.reporters.JUnitReportReporter -->
<testsuite hostname="LAPTOP-5DMPA42V" failures="0" tests="1" name="neww.FetchColorCode" time="0.013" errors="0" timestamp="2023-12-11T17:28:44 IST" skipped="0">
  <testcase classname="neww.FetchColorCode" name="fetchColorCode" time="0.013"/>
  <system-out/>
</testsuite> <!-- neww.FetchColorCode -->
