<?xml version="1.0" encoding="UTF-8"?>
<!-- Generated by org.testng.reporters.JUnitReportReporter -->
<testsuite hostname="LAPTOP-5DMPA42V" failures="0" tests="1" name="mock.myntra" time="7.174" errors="0" timestamp="2023-12-20T15:47:37 IST" skipped="0">
  <testcase classname="mock.myntra" name="myntra1" time="7.174"/>
  <system-out/>
</testsuite> <!-- mock.myntra -->
